<?xml version="1.0" encoding="UTF-8"?>
<!-- Generated by org.testng.reporters.JUnitReportReporter -->
<testsuite hostname="IZ-PC" name="com.sysco.test.leadAutomationTestDeveloper" tests="1" failures="0" timestamp="12 Sep 2016 15:42:22 GMT" time="13.656" errors="0">
  <testcase name="mikeDoe" time="13.656" classname="com.sysco.test.leadAutomationTestDeveloper"/>
</testsuite> <!-- com.sysco.test.leadAutomationTestDeveloper -->
