<?xml version="1.0" encoding="UTF-8"?>
<!-- Generated by org.testng.reporters.JUnitReportReporter -->
<testsuite hostname="IZ-PC" name="com.sysco.test.leadPerformanceTest_QA" tests="1" failures="0" timestamp="12 Sep 2016 15:42:22 GMT" time="0.059" errors="0">
  <testcase name="susanDoe" time="0.059" classname="com.sysco.test.leadPerformanceTest_QA"/>
</testsuite> <!-- com.sysco.test.leadPerformanceTest_QA -->
